 plgrid/apps/cuda/10.1 loaded.
    *********************** IMPORTANT / LICENSING INFORMATION
****************************
    By using plgrid/libs/cudnn/7.6.5-cuda-10.1 module you accept NVIDIA cuDNN
SLA
    available at https://docs.nvidia.com/deeplearning/cudnn/sla/index.html
    *********************** IMPORTANT / LICENSING INFORMATION
**************************** 
 plgrid/libs/cudnn/7.6.5-cuda-10.1 loaded.
 plgrid/libs/tensorflow-gpu/2.2.0-python-3.7 loaded.
ERROR: Could not open requirements file: [Errno 2] No such file or directory: 'bcnn/requirements.txt'
WARNING: You are using pip version 20.2.2; however, version 21.2.4 is available.
You should consider upgrading via the '/net/software/local/python/3.7/bin/python3.7 -m pip install --upgrade pip' command.
WARNING - utils - No observers have been added to this run
INFO - utils - Running command 'train'
INFO - utils - Started
WARNING:tensorflow:From /net/people/plgforobohd/.local/lib/python3.7/site-packages/tensorflow_probability/python/layers/util.py:102: Layer.add_variable (from tensorflow.python.keras.engine.base_layer) is deprecated and will be removed in a future version.
Instructions for updating:
Please use `layer.add_weight` method instead.
WARNING - tensorflow - From /net/people/plgforobohd/.local/lib/python3.7/site-packages/tensorflow_probability/python/layers/util.py:102: Layer.add_variable (from tensorflow.python.keras.engine.base_layer) is deprecated and will be removed in a future version.
Instructions for updating:
Please use `layer.add_weight` method instead.
WARNING:tensorflow:Gradients do not exist for variables ['conv3d_flipout/kernel_posterior_loc:0', 'conv3d_flipout/kernel_posterior_untransformed_scale:0', 'conv3d_flipout/bias_posterior_loc:0', 'conv3d_flipout_1/kernel_posterior_loc:0', 'conv3d_flipout_1/kernel_posterior_untransformed_scale:0', 'conv3d_flipout_1/bias_posterior_loc:0', 'conv3d_flipout_2/kernel_posterior_loc:0', 'conv3d_flipout_2/kernel_posterior_untransformed_scale:0', 'conv3d_flipout_2/bias_posterior_loc:0', 'conv3d_flipout_3/kernel_posterior_loc:0', 'conv3d_flipout_3/kernel_posterior_untransformed_scale:0', 'conv3d_flipout_3/bias_posterior_loc:0', 'conv3d_flipout_4/kernel_posterior_loc:0', 'conv3d_flipout_4/kernel_posterior_untransformed_scale:0', 'conv3d_flipout_4/bias_posterior_loc:0', 'conv3d_flipout_5/kernel_posterior_loc:0', 'conv3d_flipout_5/kernel_posterior_untransformed_scale:0', 'conv3d_flipout_5/bias_posterior_loc:0', 'conv3d_flipout_6/kernel_posterior_loc:0', 'conv3d_flipout_6/kernel_posterior_untransformed_scale:0', 'conv3d_flipout_6/bias_posterior_loc:0', 'conv3d_flipout_7/kernel_posterior_loc:0', 'conv3d_flipout_7/kernel_posterior_untransformed_scale:0', 'conv3d_flipout_7/bias_posterior_loc:0', 'conv3d_flipout_8/kernel_posterior_loc:0', 'conv3d_flipout_8/kernel_posterior_untransformed_scale:0', 'conv3d_flipout_8/bias_posterior_loc:0', 'conv3d_flipout_9/kernel_posterior_loc:0', 'conv3d_flipout_9/kernel_posterior_untransformed_scale:0', 'conv3d_flipout_9/bias_posterior_loc:0', 'conv3d_flipout_10/kernel_posterior_loc:0', 'conv3d_flipout_10/kernel_posterior_untransformed_scale:0', 'conv3d_flipout_10/bias_posterior_loc:0'] when minimizing the loss.
WARNING - tensorflow - Gradients do not exist for variables ['conv3d_flipout/kernel_posterior_loc:0', 'conv3d_flipout/kernel_posterior_untransformed_scale:0', 'conv3d_flipout/bias_posterior_loc:0', 'conv3d_flipout_1/kernel_posterior_loc:0', 'conv3d_flipout_1/kernel_posterior_untransformed_scale:0', 'conv3d_flipout_1/bias_posterior_loc:0', 'conv3d_flipout_2/kernel_posterior_loc:0', 'conv3d_flipout_2/kernel_posterior_untransformed_scale:0', 'conv3d_flipout_2/bias_posterior_loc:0', 'conv3d_flipout_3/kernel_posterior_loc:0', 'conv3d_flipout_3/kernel_posterior_untransformed_scale:0', 'conv3d_flipout_3/bias_posterior_loc:0', 'conv3d_flipout_4/kernel_posterior_loc:0', 'conv3d_flipout_4/kernel_posterior_untransformed_scale:0', 'conv3d_flipout_4/bias_posterior_loc:0', 'conv3d_flipout_5/kernel_posterior_loc:0', 'conv3d_flipout_5/kernel_posterior_untransformed_scale:0', 'conv3d_flipout_5/bias_posterior_loc:0', 'conv3d_flipout_6/kernel_posterior_loc:0', 'conv3d_flipout_6/kernel_posterior_untransformed_scale:0', 'conv3d_flipout_6/bias_posterior_loc:0', 'conv3d_flipout_7/kernel_posterior_loc:0', 'conv3d_flipout_7/kernel_posterior_untransformed_scale:0', 'conv3d_flipout_7/bias_posterior_loc:0', 'conv3d_flipout_8/kernel_posterior_loc:0', 'conv3d_flipout_8/kernel_posterior_untransformed_scale:0', 'conv3d_flipout_8/bias_posterior_loc:0', 'conv3d_flipout_9/kernel_posterior_loc:0', 'conv3d_flipout_9/kernel_posterior_untransformed_scale:0', 'conv3d_flipout_9/bias_posterior_loc:0', 'conv3d_flipout_10/kernel_posterior_loc:0', 'conv3d_flipout_10/kernel_posterior_untransformed_scale:0', 'conv3d_flipout_10/bias_posterior_loc:0'] when minimizing the loss.
WARNING:tensorflow:Gradients do not exist for variables ['conv3d_flipout/kernel_posterior_loc:0', 'conv3d_flipout/kernel_posterior_untransformed_scale:0', 'conv3d_flipout/bias_posterior_loc:0', 'conv3d_flipout_1/kernel_posterior_loc:0', 'conv3d_flipout_1/kernel_posterior_untransformed_scale:0', 'conv3d_flipout_1/bias_posterior_loc:0', 'conv3d_flipout_2/kernel_posterior_loc:0', 'conv3d_flipout_2/kernel_posterior_untransformed_scale:0', 'conv3d_flipout_2/bias_posterior_loc:0', 'conv3d_flipout_3/kernel_posterior_loc:0', 'conv3d_flipout_3/kernel_posterior_untransformed_scale:0', 'conv3d_flipout_3/bias_posterior_loc:0', 'conv3d_flipout_4/kernel_posterior_loc:0', 'conv3d_flipout_4/kernel_posterior_untransformed_scale:0', 'conv3d_flipout_4/bias_posterior_loc:0', 'conv3d_flipout_5/kernel_posterior_loc:0', 'conv3d_flipout_5/kernel_posterior_untransformed_scale:0', 'conv3d_flipout_5/bias_posterior_loc:0', 'conv3d_flipout_6/kernel_posterior_loc:0', 'conv3d_flipout_6/kernel_posterior_untransformed_scale:0', 'conv3d_flipout_6/bias_posterior_loc:0', 'conv3d_flipout_7/kernel_posterior_loc:0', 'conv3d_flipout_7/kernel_posterior_untransformed_scale:0', 'conv3d_flipout_7/bias_posterior_loc:0', 'conv3d_flipout_8/kernel_posterior_loc:0', 'conv3d_flipout_8/kernel_posterior_untransformed_scale:0', 'conv3d_flipout_8/bias_posterior_loc:0', 'conv3d_flipout_9/kernel_posterior_loc:0', 'conv3d_flipout_9/kernel_posterior_untransformed_scale:0', 'conv3d_flipout_9/bias_posterior_loc:0', 'conv3d_flipout_10/kernel_posterior_loc:0', 'conv3d_flipout_10/kernel_posterior_untransformed_scale:0', 'conv3d_flipout_10/bias_posterior_loc:0'] when minimizing the loss.
WARNING - tensorflow - Gradients do not exist for variables ['conv3d_flipout/kernel_posterior_loc:0', 'conv3d_flipout/kernel_posterior_untransformed_scale:0', 'conv3d_flipout/bias_posterior_loc:0', 'conv3d_flipout_1/kernel_posterior_loc:0', 'conv3d_flipout_1/kernel_posterior_untransformed_scale:0', 'conv3d_flipout_1/bias_posterior_loc:0', 'conv3d_flipout_2/kernel_posterior_loc:0', 'conv3d_flipout_2/kernel_posterior_untransformed_scale:0', 'conv3d_flipout_2/bias_posterior_loc:0', 'conv3d_flipout_3/kernel_posterior_loc:0', 'conv3d_flipout_3/kernel_posterior_untransformed_scale:0', 'conv3d_flipout_3/bias_posterior_loc:0', 'conv3d_flipout_4/kernel_posterior_loc:0', 'conv3d_flipout_4/kernel_posterior_untransformed_scale:0', 'conv3d_flipout_4/bias_posterior_loc:0', 'conv3d_flipout_5/kernel_posterior_loc:0', 'conv3d_flipout_5/kernel_posterior_untransformed_scale:0', 'conv3d_flipout_5/bias_posterior_loc:0', 'conv3d_flipout_6/kernel_posterior_loc:0', 'conv3d_flipout_6/kernel_posterior_untransformed_scale:0', 'conv3d_flipout_6/bias_posterior_loc:0', 'conv3d_flipout_7/kernel_posterior_loc:0', 'conv3d_flipout_7/kernel_posterior_untransformed_scale:0', 'conv3d_flipout_7/bias_posterior_loc:0', 'conv3d_flipout_8/kernel_posterior_loc:0', 'conv3d_flipout_8/kernel_posterior_untransformed_scale:0', 'conv3d_flipout_8/bias_posterior_loc:0', 'conv3d_flipout_9/kernel_posterior_loc:0', 'conv3d_flipout_9/kernel_posterior_untransformed_scale:0', 'conv3d_flipout_9/bias_posterior_loc:0', 'conv3d_flipout_10/kernel_posterior_loc:0', 'conv3d_flipout_10/kernel_posterior_untransformed_scale:0', 'conv3d_flipout_10/bias_posterior_loc:0'] when minimizing the loss.
WARNING:tensorflow:Gradients do not exist for variables ['conv3d_flipout/kernel_posterior_loc:0', 'conv3d_flipout/kernel_posterior_untransformed_scale:0', 'conv3d_flipout/bias_posterior_loc:0', 'conv3d_flipout_1/kernel_posterior_loc:0', 'conv3d_flipout_1/kernel_posterior_untransformed_scale:0', 'conv3d_flipout_1/bias_posterior_loc:0', 'conv3d_flipout_2/kernel_posterior_loc:0', 'conv3d_flipout_2/kernel_posterior_untransformed_scale:0', 'conv3d_flipout_2/bias_posterior_loc:0', 'conv3d_flipout_3/kernel_posterior_loc:0', 'conv3d_flipout_3/kernel_posterior_untransformed_scale:0', 'conv3d_flipout_3/bias_posterior_loc:0', 'conv3d_flipout_4/kernel_posterior_loc:0', 'conv3d_flipout_4/kernel_posterior_untransformed_scale:0', 'conv3d_flipout_4/bias_posterior_loc:0', 'conv3d_flipout_5/kernel_posterior_loc:0', 'conv3d_flipout_5/kernel_posterior_untransformed_scale:0', 'conv3d_flipout_5/bias_posterior_loc:0', 'conv3d_flipout_6/kernel_posterior_loc:0', 'conv3d_flipout_6/kernel_posterior_untransformed_scale:0', 'conv3d_flipout_6/bias_posterior_loc:0', 'conv3d_flipout_7/kernel_posterior_loc:0', 'conv3d_flipout_7/kernel_posterior_untransformed_scale:0', 'conv3d_flipout_7/bias_posterior_loc:0', 'conv3d_flipout_8/kernel_posterior_loc:0', 'conv3d_flipout_8/kernel_posterior_untransformed_scale:0', 'conv3d_flipout_8/bias_posterior_loc:0', 'conv3d_flipout_9/kernel_posterior_loc:0', 'conv3d_flipout_9/kernel_posterior_untransformed_scale:0', 'conv3d_flipout_9/bias_posterior_loc:0', 'conv3d_flipout_10/kernel_posterior_loc:0', 'conv3d_flipout_10/kernel_posterior_untransformed_scale:0', 'conv3d_flipout_10/bias_posterior_loc:0'] when minimizing the loss.
WARNING - tensorflow - Gradients do not exist for variables ['conv3d_flipout/kernel_posterior_loc:0', 'conv3d_flipout/kernel_posterior_untransformed_scale:0', 'conv3d_flipout/bias_posterior_loc:0', 'conv3d_flipout_1/kernel_posterior_loc:0', 'conv3d_flipout_1/kernel_posterior_untransformed_scale:0', 'conv3d_flipout_1/bias_posterior_loc:0', 'conv3d_flipout_2/kernel_posterior_loc:0', 'conv3d_flipout_2/kernel_posterior_untransformed_scale:0', 'conv3d_flipout_2/bias_posterior_loc:0', 'conv3d_flipout_3/kernel_posterior_loc:0', 'conv3d_flipout_3/kernel_posterior_untransformed_scale:0', 'conv3d_flipout_3/bias_posterior_loc:0', 'conv3d_flipout_4/kernel_posterior_loc:0', 'conv3d_flipout_4/kernel_posterior_untransformed_scale:0', 'conv3d_flipout_4/bias_posterior_loc:0', 'conv3d_flipout_5/kernel_posterior_loc:0', 'conv3d_flipout_5/kernel_posterior_untransformed_scale:0', 'conv3d_flipout_5/bias_posterior_loc:0', 'conv3d_flipout_6/kernel_posterior_loc:0', 'conv3d_flipout_6/kernel_posterior_untransformed_scale:0', 'conv3d_flipout_6/bias_posterior_loc:0', 'conv3d_flipout_7/kernel_posterior_loc:0', 'conv3d_flipout_7/kernel_posterior_untransformed_scale:0', 'conv3d_flipout_7/bias_posterior_loc:0', 'conv3d_flipout_8/kernel_posterior_loc:0', 'conv3d_flipout_8/kernel_posterior_untransformed_scale:0', 'conv3d_flipout_8/bias_posterior_loc:0', 'conv3d_flipout_9/kernel_posterior_loc:0', 'conv3d_flipout_9/kernel_posterior_untransformed_scale:0', 'conv3d_flipout_9/bias_posterior_loc:0', 'conv3d_flipout_10/kernel_posterior_loc:0', 'conv3d_flipout_10/kernel_posterior_untransformed_scale:0', 'conv3d_flipout_10/bias_posterior_loc:0'] when minimizing the loss.
WARNING:tensorflow:Gradients do not exist for variables ['conv3d_flipout/kernel_posterior_loc:0', 'conv3d_flipout/kernel_posterior_untransformed_scale:0', 'conv3d_flipout/bias_posterior_loc:0', 'conv3d_flipout_1/kernel_posterior_loc:0', 'conv3d_flipout_1/kernel_posterior_untransformed_scale:0', 'conv3d_flipout_1/bias_posterior_loc:0', 'conv3d_flipout_2/kernel_posterior_loc:0', 'conv3d_flipout_2/kernel_posterior_untransformed_scale:0', 'conv3d_flipout_2/bias_posterior_loc:0', 'conv3d_flipout_3/kernel_posterior_loc:0', 'conv3d_flipout_3/kernel_posterior_untransformed_scale:0', 'conv3d_flipout_3/bias_posterior_loc:0', 'conv3d_flipout_4/kernel_posterior_loc:0', 'conv3d_flipout_4/kernel_posterior_untransformed_scale:0', 'conv3d_flipout_4/bias_posterior_loc:0', 'conv3d_flipout_5/kernel_posterior_loc:0', 'conv3d_flipout_5/kernel_posterior_untransformed_scale:0', 'conv3d_flipout_5/bias_posterior_loc:0', 'conv3d_flipout_6/kernel_posterior_loc:0', 'conv3d_flipout_6/kernel_posterior_untransformed_scale:0', 'conv3d_flipout_6/bias_posterior_loc:0', 'conv3d_flipout_7/kernel_posterior_loc:0', 'conv3d_flipout_7/kernel_posterior_untransformed_scale:0', 'conv3d_flipout_7/bias_posterior_loc:0', 'conv3d_flipout_8/kernel_posterior_loc:0', 'conv3d_flipout_8/kernel_posterior_untransformed_scale:0', 'conv3d_flipout_8/bias_posterior_loc:0', 'conv3d_flipout_9/kernel_posterior_loc:0', 'conv3d_flipout_9/kernel_posterior_untransformed_scale:0', 'conv3d_flipout_9/bias_posterior_loc:0', 'conv3d_flipout_10/kernel_posterior_loc:0', 'conv3d_flipout_10/kernel_posterior_untransformed_scale:0', 'conv3d_flipout_10/bias_posterior_loc:0'] when minimizing the loss.
WARNING - tensorflow - Gradients do not exist for variables ['conv3d_flipout/kernel_posterior_loc:0', 'conv3d_flipout/kernel_posterior_untransformed_scale:0', 'conv3d_flipout/bias_posterior_loc:0', 'conv3d_flipout_1/kernel_posterior_loc:0', 'conv3d_flipout_1/kernel_posterior_untransformed_scale:0', 'conv3d_flipout_1/bias_posterior_loc:0', 'conv3d_flipout_2/kernel_posterior_loc:0', 'conv3d_flipout_2/kernel_posterior_untransformed_scale:0', 'conv3d_flipout_2/bias_posterior_loc:0', 'conv3d_flipout_3/kernel_posterior_loc:0', 'conv3d_flipout_3/kernel_posterior_untransformed_scale:0', 'conv3d_flipout_3/bias_posterior_loc:0', 'conv3d_flipout_4/kernel_posterior_loc:0', 'conv3d_flipout_4/kernel_posterior_untransformed_scale:0', 'conv3d_flipout_4/bias_posterior_loc:0', 'conv3d_flipout_5/kernel_posterior_loc:0', 'conv3d_flipout_5/kernel_posterior_untransformed_scale:0', 'conv3d_flipout_5/bias_posterior_loc:0', 'conv3d_flipout_6/kernel_posterior_loc:0', 'conv3d_flipout_6/kernel_posterior_untransformed_scale:0', 'conv3d_flipout_6/bias_posterior_loc:0', 'conv3d_flipout_7/kernel_posterior_loc:0', 'conv3d_flipout_7/kernel_posterior_untransformed_scale:0', 'conv3d_flipout_7/bias_posterior_loc:0', 'conv3d_flipout_8/kernel_posterior_loc:0', 'conv3d_flipout_8/kernel_posterior_untransformed_scale:0', 'conv3d_flipout_8/bias_posterior_loc:0', 'conv3d_flipout_9/kernel_posterior_loc:0', 'conv3d_flipout_9/kernel_posterior_untransformed_scale:0', 'conv3d_flipout_9/bias_posterior_loc:0', 'conv3d_flipout_10/kernel_posterior_loc:0', 'conv3d_flipout_10/kernel_posterior_untransformed_scale:0', 'conv3d_flipout_10/bias_posterior_loc:0'] when minimizing the loss.
ERROR - utils - Failed after 0:00:09!
Traceback (most recent calls WITHOUT Sacred internals):
  File "/net/software/local/tensorflow-gpu/2.2.0-python-3.7/lib/python3.7/site-packages/tensorflow/python/eager/execute.py", line 60, in quick_execute
    inputs, attrs, num_outputs)
TypeError: An op outside of the function building code is being passed
a "Graph" tensor. It is possible to have Graph tensors
leak out of the function building context by including a
tf.init_scope in your function building code.
For example, the following function will fail:
  @tf.function
  def has_init_scope():
    my_constant = tf.constant(1.)
    with tf.init_scope():
      added = my_constant * 2
The graph tensor has name: RealDiv:0

During handling of the above exception, another exception occurred:

Traceback (most recent calls WITHOUT Sacred internals):
  File "train.py", line 48, in train
    validation_data=(valid, valid_targets))
  File "/net/software/local/tensorflow-gpu/2.2.0-python-3.7/lib/python3.7/site-packages/tensorflow/python/keras/engine/training.py", line 66, in _method_wrapper
    return method(self, *args, **kwargs)
  File "/net/software/local/tensorflow-gpu/2.2.0-python-3.7/lib/python3.7/site-packages/tensorflow/python/keras/engine/training.py", line 848, in fit
    tmp_logs = train_function(iterator)
  File "/net/software/local/tensorflow-gpu/2.2.0-python-3.7/lib/python3.7/site-packages/tensorflow/python/eager/def_function.py", line 580, in __call__
    result = self._call(*args, **kwds)
  File "/net/software/local/tensorflow-gpu/2.2.0-python-3.7/lib/python3.7/site-packages/tensorflow/python/eager/def_function.py", line 644, in _call
    return self._stateless_fn(*args, **kwds)
  File "/net/software/local/tensorflow-gpu/2.2.0-python-3.7/lib/python3.7/site-packages/tensorflow/python/eager/function.py", line 2420, in __call__
    return graph_function._filtered_call(args, kwargs)  # pylint: disable=protected-access
  File "/net/software/local/tensorflow-gpu/2.2.0-python-3.7/lib/python3.7/site-packages/tensorflow/python/eager/function.py", line 1665, in _filtered_call
    self.captured_inputs)
  File "/net/software/local/tensorflow-gpu/2.2.0-python-3.7/lib/python3.7/site-packages/tensorflow/python/eager/function.py", line 1746, in _call_flat
    ctx, args, cancellation_manager=cancellation_manager))
  File "/net/software/local/tensorflow-gpu/2.2.0-python-3.7/lib/python3.7/site-packages/tensorflow/python/eager/function.py", line 598, in call
    ctx=ctx)
  File "/net/software/local/tensorflow-gpu/2.2.0-python-3.7/lib/python3.7/site-packages/tensorflow/python/eager/execute.py", line 74, in quick_execute
    "tensors, but found {}".format(keras_symbolic_tensors))
tensorflow.python.eager.core._SymbolicException: Inputs to eager execution function cannot be Keras symbolic tensors, but found [<tf.Tensor 'RealDiv:0' shape=() dtype=float32>, <tf.Tensor 'conv3d_flipout/divergence_kernel:0' shape=() dtype=float32>, <tf.Tensor 'conv3d_flipout_1/divergence_kernel:0' shape=() dtype=float32>, <tf.Tensor 'conv3d_flipout_2/divergence_kernel:0' shape=() dtype=float32>, <tf.Tensor 'conv3d_flipout_3/divergence_kernel:0' shape=() dtype=float32>, <tf.Tensor 'conv3d_flipout_4/divergence_kernel:0' shape=() dtype=float32>, <tf.Tensor 'conv3d_flipout_5/divergence_kernel:0' shape=() dtype=float32>, <tf.Tensor 'conv3d_flipout_6/divergence_kernel:0' shape=() dtype=float32>, <tf.Tensor 'conv3d_flipout_7/divergence_kernel:0' shape=() dtype=float32>, <tf.Tensor 'conv3d_flipout_8/divergence_kernel:0' shape=() dtype=float32>, <tf.Tensor 'conv3d_flipout_9/divergence_kernel:0' shape=() dtype=float32>, <tf.Tensor 'conv3d_flipout_10/divergence_kernel:0' shape=() dtype=float32>]

